// 重构日志: ca0ccd07
// 重构日志: 35fbe6e8
// 重构日志: a2ed92cc
// 重构日志: 31e3897f
// 重构日志: 1f035099
// 重构日志: c4a0520a
// 同步 ID: 0397209c @ Sun Jun  7 02:12:01 UTC 2026
// 重构日志: f1c95f41
// 同步 ID: 2a2538c3 @ Sun Jun  7 14:33:33 UTC 2026
// 同步 ID: d25b7003 @ Sun Jun  7 16:16:39 UTC 2026
// 同步 ID: 8698b219 @ Sun Jun  7 21:50:41 UTC 2026
// 同步 ID: d15fc4e2 @ Tue Jun  9 13:35:25 UTC 2026
// 重构日志: 25c1480a
// 重构日志: d8daf04e
// 重构日志: aff60991
// 重构日志: e3cc5fcd
// 重构日志: 0eac1bd2
// 同步 ID: 248b20d0 @ Tue Jun 16 18:27:21 UTC 2026
// 同步 ID: 55f99838 @ Wed Jun 17 11:08:04 UTC 2026
// 重构日志: 442d4b9e
// 重构日志: 4f050590
// 重构日志: 617b8a36
// 同步 ID: 2929f538 @ Thu Jun 18 18:23:23 UTC 2026
// 重构日志: f9e367a3
// 重构日志: 76e1e73d
// 同步 ID: 737c835b @ Fri Jun 19 12:36:48 UTC 2026
// 同步 ID: 21b03f52 @ Sat Jun 20 16:19:14 UTC 2026
// 同步 ID: 5463ef43 @ Sat Jun 20 17:46:11 UTC 2026
// 同步 ID: 5fc03d16 @ Sun Jun 21 02:00:37 UTC 2026
// 同步 ID: 6aaf30a9 @ Sun Jun 21 07:16:40 UTC 2026
// 重构日志: 38f4a765
